[2025-04-14T11:32:13.433Z] GET request to /api/users
[2025-04-14T11:35:05.303Z] GET request to /api/users
[2025-04-14T11:35:16.991Z] GET request to /api/users/2
[2025-04-15T10:30:52.520Z] POST request to /api/user
[2025-04-15T14:44:51.297Z] GET request to /api/users
[2025-04-15T14:45:04.815Z] GET request to /api/user
[2025-04-15T14:46:33.630Z] POST request to /api/user
[2025-04-15T14:46:49.386Z] POST request to /api/user
[2025-04-15T14:48:32.469Z] POST request to /api/user
[2025-04-15T14:48:41.921Z] POST request to /api/user
[2025-04-15T14:49:26.779Z] POST request to /api/user
[2025-04-15T14:49:59.345Z] POST request to /api/user
[2025-04-15T14:50:10.919Z] GET request to /api/user
[2025-04-15T14:50:44.084Z] POST request to /api/user
[2025-04-15T14:50:47.612Z] GET request to /api/user
[2025-04-16T09:55:11.016Z] POST request to /api/user
[2025-04-16T09:55:45.427Z] GET request to /api/user
[2025-04-16T09:56:02.476Z] GET request to /api/user/2
[2025-04-16T09:56:27.469Z] DELETE request to /api/user/67fe71c9195dd68b6d5c2fb9
[2025-04-16T09:59:42.156Z] GET request to /api/user/67fe71c9195dd68b6d5c2fb9
[2025-04-16T10:00:02.167Z] GET request to /api/user/67fe71c9195dd68b6d5c2fb9
[2025-04-16T10:00:15.046Z] GET request to /api/user/67fe71c9195dd68b6d5c2fb9
[2025-04-16T10:01:06.781Z] GET request to /api/user/67fe71c9195dd68b6d5c2fb9
[2025-04-16T10:01:13.038Z] DELETE request to /api/user/67fe71c9195dd68b6d5c2fb9
[2025-04-16T10:01:21.801Z] DELETE request to /api/user/67fe71c9195dd68b6d5c2cccc
